...found 1 target...
...found 11 targets...
...updating 5 targets...
gcc.compile.c++ bin.v2/libs/config/checks/architecture/gcc-8/debug/threading-multi/visibility-hidden/32.o
libs/config/checks/architecture/32.cpp:9:36: error: size of array ‘test’ is negative
 int test[sizeof(void*) == 4? 1 : -1];
                                    ^

    "g++"   -fvisibility-inlines-hidden -fPIC -pthread -O0 -fno-inline -Wall -g -fvisibility=hidden  -DBOOST_ALL_NO_LIB=1  -I"."  -c -o "bin.v2/libs/config/checks/architecture/gcc-8/debug/threading-multi/visibility-hidden/32.o" "libs/config/checks/architecture/32.cpp"

...failed gcc.compile.c++ bin.v2/libs/config/checks/architecture/gcc-8/debug/threading-multi/visibility-hidden/32.o...
...failed updating 1 target...
...updated 4 targets...
...found 2 targets...
...updating 1 target...
gcc.compile.c++ bin.v2/libs/config/checks/architecture/gcc-8/debug/threading-multi/visibility-hidden/64.o
...updated 1 target...
...found 2 targets...
...updating 1 target...
gcc.compile.c++ bin.v2/libs/config/checks/architecture/gcc-8/debug/threading-multi/visibility-hidden/arm.o
libs/config/checks/architecture/arm.cpp:13:2: error: #error "Not ARM"
 #error "Not ARM"
  ^~~~~

    "g++"   -fvisibility-inlines-hidden -fPIC -pthread -O0 -fno-inline -Wall -g -fvisibility=hidden  -DBOOST_ALL_NO_LIB=1  -I"."  -c -o "bin.v2/libs/config/checks/architecture/gcc-8/debug/threading-multi/visibility-hidden/arm.o" "libs/config/checks/architecture/arm.cpp"

...failed gcc.compile.c++ bin.v2/libs/config/checks/architecture/gcc-8/debug/threading-multi/visibility-hidden/arm.o...
...failed updating 1 target...
...found 2 targets...
...updating 1 target...
gcc.compile.c++ bin.v2/libs/config/checks/architecture/gcc-8/debug/threading-multi/visibility-hidden/mips1.o
libs/config/checks/architecture/mips1.cpp:10:2: error: #error "Not MIPS1"
 #error "Not MIPS1"
  ^~~~~

    "g++"   -fvisibility-inlines-hidden -fPIC -pthread -O0 -fno-inline -Wall -g -fvisibility=hidden  -DBOOST_ALL_NO_LIB=1  -I"."  -c -o "bin.v2/libs/config/checks/architecture/gcc-8/debug/threading-multi/visibility-hidden/mips1.o" "libs/config/checks/architecture/mips1.cpp"

...failed gcc.compile.c++ bin.v2/libs/config/checks/architecture/gcc-8/debug/threading-multi/visibility-hidden/mips1.o...
...failed updating 1 target...
...found 2 targets...
...updating 1 target...
gcc.compile.c++ bin.v2/libs/config/checks/architecture/gcc-8/debug/threading-multi/visibility-hidden/power.o
libs/config/checks/architecture/power.cpp:13:2: error: #error "Not PPC"
 #error "Not PPC"
  ^~~~~

    "g++"   -fvisibility-inlines-hidden -fPIC -pthread -O0 -fno-inline -Wall -g -fvisibility=hidden  -DBOOST_ALL_NO_LIB=1  -I"."  -c -o "bin.v2/libs/config/checks/architecture/gcc-8/debug/threading-multi/visibility-hidden/power.o" "libs/config/checks/architecture/power.cpp"

...failed gcc.compile.c++ bin.v2/libs/config/checks/architecture/gcc-8/debug/threading-multi/visibility-hidden/power.o...
...failed updating 1 target...
...found 2 targets...
...updating 1 target...
gcc.compile.c++ bin.v2/libs/config/checks/architecture/gcc-8/debug/threading-multi/visibility-hidden/riscv.o
libs/config/checks/architecture/riscv.cpp:9:2: error: #error "Not RISC-V"
 #error "Not RISC-V"
  ^~~~~

    "g++"   -fvisibility-inlines-hidden -fPIC -pthread -O0 -fno-inline -Wall -g -fvisibility=hidden  -DBOOST_ALL_NO_LIB=1  -I"."  -c -o "bin.v2/libs/config/checks/architecture/gcc-8/debug/threading-multi/visibility-hidden/riscv.o" "libs/config/checks/architecture/riscv.cpp"

...failed gcc.compile.c++ bin.v2/libs/config/checks/architecture/gcc-8/debug/threading-multi/visibility-hidden/riscv.o...
...failed updating 1 target...
...found 2 targets...
...updating 1 target...
gcc.compile.c++ bin.v2/libs/config/checks/architecture/gcc-8/debug/threading-multi/visibility-hidden/s390x.o
libs/config/checks/architecture/s390x.cpp:10:2: error: #error "Not S390x"
 #error "Not S390x"
  ^~~~~

    "g++"   -fvisibility-inlines-hidden -fPIC -pthread -O0 -fno-inline -Wall -g -fvisibility=hidden  -DBOOST_ALL_NO_LIB=1  -I"."  -c -o "bin.v2/libs/config/checks/architecture/gcc-8/debug/threading-multi/visibility-hidden/s390x.o" "libs/config/checks/architecture/s390x.cpp"

...failed gcc.compile.c++ bin.v2/libs/config/checks/architecture/gcc-8/debug/threading-multi/visibility-hidden/s390x.o...
...failed updating 1 target...
...found 2 targets...
...updating 1 target...
gcc.compile.c++ bin.v2/libs/config/checks/architecture/gcc-8/debug/threading-multi/visibility-hidden/sparc.o
libs/config/checks/architecture/sparc.cpp:10:2: error: #error "Not SPARC"
 #error "Not SPARC"
  ^~~~~

    "g++"   -fvisibility-inlines-hidden -fPIC -pthread -O0 -fno-inline -Wall -g -fvisibility=hidden  -DBOOST_ALL_NO_LIB=1  -I"."  -c -o "bin.v2/libs/config/checks/architecture/gcc-8/debug/threading-multi/visibility-hidden/sparc.o" "libs/config/checks/architecture/sparc.cpp"

...failed gcc.compile.c++ bin.v2/libs/config/checks/architecture/gcc-8/debug/threading-multi/visibility-hidden/sparc.o...
...failed updating 1 target...
...found 2 targets...
...updating 1 target...
gcc.compile.c++ bin.v2/libs/config/checks/architecture/gcc-8/debug/threading-multi/visibility-hidden/x86.o
...updated 1 target...
...found 9 targets...
...updating 5 targets...
gcc.compile.c++ bin.v2/libs/atomic/config/gcc-8/release/threading-multi/visibility-hidden/has_sse2.o
...updated 5 targets...
...found 3 targets...
...updating 1 target...
gcc.compile.c++ bin.v2/libs/atomic/config/gcc-8/release/threading-multi/visibility-hidden/has_sse41.o
...updated 1 target...
...patience...
...found 274 targets...
...updating 6 targets...
gcc.compile.c++ bin.v2/libs/regex/build/gcc-8/release/threading-multi/visibility-hidden/has_icu_test.o
gcc.link bin.v2/libs/regex/build/gcc-8/release/threading-multi/visibility-hidden/has_icu
...updated 6 targets...
...found 165 targets...
...updating 7 targets...
gcc.compile.c++ bin.v2/check/predef/gcc-8/release/threading-multi/visibility-hidden/predef_check_cc_09a06289f4560e2f553bb0cbbec71436.o
...updated 7 targets...
...found 4 targets...
...updating 4 targets...
gcc.compile.c++ bin.v2/check/predef/gcc-8/release/link-static/threading-multi/visibility-hidden/predef_check_cc_09a06289f4560e2f553bb0cbbec71436.o
...updated 4 targets...
...found 291 targets...
...updating 6 targets...
gcc.compile.c++ bin.v2/libs/thread/build/gcc-8/release/threading-multi/visibility-hidden/has_atomic_flag_lockfree_test.o
gcc.link bin.v2/libs/thread/build/gcc-8/release/threading-multi/visibility-hidden/has_atomic_flag_lockfree
...updated 6 targets...
...found 4 targets...
...updating 4 targets...
gcc.compile.c++ bin.v2/libs/atomic/config/gcc-8/release/link-static/threading-multi/visibility-hidden/has_sse2.o
...updated 4 targets...
...found 1 target...
...updating 1 target...
gcc.compile.c++ bin.v2/libs/atomic/config/gcc-8/release/link-static/threading-multi/visibility-hidden/has_sse41.o
...updated 1 target...
...found 5 targets...
...updating 5 targets...
gcc.compile.c++ bin.v2/libs/regex/build/gcc-8/release/link-static/threading-multi/visibility-hidden/has_icu_test.o
gcc.link bin.v2/libs/regex/build/gcc-8/release/link-static/threading-multi/visibility-hidden/has_icu
...updated 5 targets...
...found 5 targets...
...updating 5 targets...
gcc.compile.c++ bin.v2/libs/thread/build/gcc-8/release/link-static/threading-multi/visibility-hidden/has_atomic_flag_lockfree_test.o
gcc.link bin.v2/libs/thread/build/gcc-8/release/link-static/threading-multi/visibility-hidden/has_atomic_flag_lockfree
...updated 5 targets...
...found 1 target...
...updating 1 target...
config-cache.write bin.v2/project-cache.jam
...updated 1 target...
